<?xml version="1.0" encoding="UTF-8"?>
<!-- Generated by org.testng.reporters.JUnitReportReporter -->
<testsuite hostname="PC-C02X50H9JGH8" failures="0" tests="1" name="restAPI.GetRequestwithParams" time="4.884" errors="0" timestamp="29 May 2022 03:51:32 GMT" skipped="0">
  <testcase classname="restAPI.GetRequestwithParams" name="test1" time="4.884"/>
</testsuite> <!-- restAPI.GetRequestwithParams -->
