<?xml version="1.0" encoding="UTF-8"?>
<!-- Generated by org.testng.reporters.JUnitReportReporter -->
<testsuite hostname="PC-C02X50H9JGH8" failures="0" tests="2" name="gitHub.EndToEndTest" time="4.868" errors="0" timestamp="29 May 2022 07:20:11 GMT" skipped="0">
  <testcase classname="gitHub.EndToEndTest" name="test1" time="3.679"/>
  <testcase classname="gitHub.EndToEndTest" name="test2" time="1.189"/>
</testsuite> <!-- gitHub.EndToEndTest -->
