<?xml version="1.0" encoding="UTF-8"?>
<!-- Generated by org.testng.reporters.JUnitReportReporter -->
<testsuite hostname="PC-C02X50H9JGH8" failures="0" tests="3" name="restBDD.GetRequestBDD" time="6.641" errors="0" timestamp="04 June 2022 05:06:33 GMT" skipped="0">
  <testcase classname="restBDD.GetRequestBDD" name="test2" time="2.098"/>
  <testcase classname="restBDD.GetRequestBDD" name="test1" time="4.440"/>
  <testcase classname="restBDD.GetRequestBDD" name="test3" time="0.103"/>
</testsuite> <!-- restBDD.GetRequestBDD -->
