<?xml version="1.0" encoding="UTF-8"?>
<!-- Generated by org.testng.reporters.JUnitReportReporter -->
<testsuite hostname="PC-C02X50H9JGH8" failures="0" tests="1" name="restAPI.PostRequestWithFile" time="4.699" errors="0" timestamp="28 May 2022 07:18:05 GMT" skipped="0">
  <testcase classname="restAPI.PostRequestWithFile" name="test1" time="4.699"/>
</testsuite> <!-- restAPI.PostRequestWithFile -->
