<?xml version="1.0" encoding="UTF-8"?>
<!-- Generated by org.testng.reporters.JUnitReportReporter -->
<testsuite hostname="PC-C02X50H9JGH8" failures="0" tests="1" name="restAPI.GetRequest" time="4.329" errors="0" timestamp="29 May 2022 05:17:09 GMT" skipped="0">
  <testcase classname="restAPI.GetRequest" name="test1" time="4.329"/>
</testsuite> <!-- restAPI.GetRequest -->
