<?xml version="1.0" encoding="UTF-8"?>
<!-- Generated by org.testng.reporters.JUnitReportReporter -->
<testsuite hostname="PC-C02X50H9JGH8" failures="0" tests="1" name="restBDD.DeleteRequestBDD" time="3.686" errors="0" timestamp="04 June 2022 05:15:21 GMT" skipped="0">
  <testcase classname="restBDD.DeleteRequestBDD" name="test1" time="3.686"/>
</testsuite> <!-- restBDD.DeleteRequestBDD -->
