<?xml version="1.0" encoding="UTF-8"?>
<!-- Generated by org.testng.reporters.JUnitReportReporter -->
<testsuite hostname="PC-C02X50H9JGH8" failures="0" tests="1" name="restAPI.PostRequestWithJsonObject" time="3.771" errors="0" timestamp="28 May 2022 06:43:42 GMT" skipped="0">
  <testcase classname="restAPI.PostRequestWithJsonObject" name="test1" time="3.771"/>
</testsuite> <!-- restAPI.PostRequestWithJsonObject -->
