<?xml version="1.0" encoding="UTF-8"?>
<!-- Generated by org.testng.reporters.JUnitReportReporter -->
<testsuite hostname="PC-C02X50H9JGH8" failures="0" tests="1" name="apiChaining.EndToEndTest" time="4.802" errors="0" timestamp="29 May 2022 06:34:55 GMT" skipped="0">
  <testcase classname="apiChaining.EndToEndTest" name="test1" time="4.802"/>
</testsuite> <!-- apiChaining.EndToEndTest -->
