<?xml version="1.0" encoding="UTF-8"?>
<!-- Generated by org.testng.reporters.JUnitReportReporter -->
<testsuite hostname="PC-C02X50H9JGH8" failures="0" tests="2" name="restAPIXML.XMLTest" time="6.329" errors="0" timestamp="04 June 2022 06:34:51 GMT" skipped="0">
  <testcase classname="restAPIXML.XMLTest" name="test2" time="1.746"/>
  <testcase classname="restAPIXML.XMLTest" name="test1" time="4.583"/>
</testsuite> <!-- restAPIXML.XMLTest -->
