<?xml version="1.0" encoding="UTF-8"?>
<!-- Generated by org.testng.reporters.JUnitReportReporter -->
<testsuite hostname="PC-C02X50H9JGH8" failures="0" tests="1" name="restAPI.PutRequest" time="5.092" errors="0" timestamp="29 May 2022 03:56:13 GMT" skipped="0">
  <testcase classname="restAPI.PutRequest" name="test1" time="5.092"/>
</testsuite> <!-- restAPI.PutRequest -->
