<?xml version="1.0" encoding="UTF-8"?>
<!-- Generated by org.testng.reporters.JUnitReportReporter -->
<testsuite hostname="PC-C02X50H9JGH8" failures="0" tests="1" name="restAPI.PostRequestWithMap" time="5.184" errors="0" timestamp="28 May 2022 06:50:49 GMT" skipped="0">
  <testcase classname="restAPI.PostRequestWithMap" name="test1" time="5.184"/>
</testsuite> <!-- restAPI.PostRequestWithMap -->
