<?xml version="1.0" encoding="UTF-8"?>
<!-- Generated by org.testng.reporters.JUnitReportReporter -->
<testsuite hostname="PC-C02X50H9JGH8" failures="0" tests="1" name="oAuth.oAuthExample" time="5.863" errors="0" timestamp="05 June 2022 07:07:24 GMT" skipped="0">
  <testcase classname="oAuth.oAuthExample" name="test1" time="5.863"/>
</testsuite> <!-- oAuth.oAuthExample -->
