<?xml version="1.0" encoding="UTF-8"?>
<!-- Generated by org.testng.reporters.JUnitReportReporter -->
<testsuite skipped="0" hostname="PC-C02X50H9JGH8" name="apiChaining.EndToEndTest" tests="1" failures="0" timestamp="29 May 2022 06:47:15 GMT" time="1.509" errors="0">
  <testcase name="test1" time="1.509" classname="apiChaining.EndToEndTest"/>
</testsuite> <!-- apiChaining.EndToEndTest -->
